{"/mnt/c/Users/User/Desktop/fastifyPostgres/integrationTest/setupTestEnv.js": {"path":"/mnt/c/Users/User/Desktop/fastifyPostgres/integrationTest/setupTestEnv.js","statementMap":{"0":{"start":{"line":1,"column":16},"end":{"line":1,"column":37}},"1":{"start":{"line":3,"column":23},"end":{"line":3,"column":199}},"2":{"start":{"line":5,"column":22},"end":{"line":5,"column":41}},"3":{"start":{"line":7,"column":18},"end":{"line":7,"column":131}},"4":{"start":{"line":12,"column":16},"end":{"line":13,"column":88}},"5":{"start":{"line":15,"column":8},"end":{"line":19,"column":10}},"6":{"start":{"line":16,"column":12},"end":{"line":16,"column":30}},"7":{"start":{"line":17,"column":12},"end":{"line":17,"column":47}},"8":{"start":{"line":18,"column":12},"end":{"line":18,"column":46}},"9":{"start":{"line":21,"column":8},"end":{"line":24,"column":10}},"10":{"start":{"line":22,"column":12},"end":{"line":22,"column":77}},"11":{"start":{"line":26,"column":8},"end":{"line":28,"column":10}},"12":{"start":{"line":27,"column":12},"end":{"line":27,"column":46}},"13":{"start":{"line":30,"column":8},"end":{"line":33,"column":10}},"14":{"start":{"line":31,"column":12},"end":{"line":31,"column":23}},"15":{"start":{"line":34,"column":8},"end":{"line":34,"column":18}},"16":{"start":{"line":37,"column":0},"end":{"line":37,"column":32}}},"fnMap":{"0":{"name":"setupTestEnv","decl":{"start":{"line":9,"column":10},"end":{"line":9,"column":22}},"loc":{"start":{"line":9,"column":25},"end":{"line":35,"column":1}},"line":9},"1":{"name":"(anonymous_1)","decl":{"start":{"line":15,"column":18},"end":{"line":15,"column":19}},"loc":{"start":{"line":15,"column":30},"end":{"line":19,"column":9}},"line":15},"2":{"name":"(anonymous_2)","decl":{"start":{"line":21,"column":19},"end":{"line":21,"column":20}},"loc":{"start":{"line":21,"column":31},"end":{"line":24,"column":9}},"line":21},"3":{"name":"(anonymous_3)","decl":{"start":{"line":26,"column":18},"end":{"line":26,"column":19}},"loc":{"start":{"line":26,"column":30},"end":{"line":28,"column":9}},"line":26},"4":{"name":"(anonymous_4)","decl":{"start":{"line":30,"column":17},"end":{"line":30,"column":18}},"loc":{"start":{"line":30,"column":29},"end":{"line":33,"column":9}},"line":30}},"branchMap":{},"s":{"0":1,"1":1,"2":1,"3":1,"4":1,"5":1,"6":1,"7":1,"8":1,"9":1,"10":1,"11":1,"12":1,"13":1,"14":1,"15":1,"16":1},"f":{"0":1,"1":1,"2":1,"3":1,"4":1},"b":{},"_coverageSchema":"1a1c01bbd47fc00a2c39e90264f33305004495a9","hash":"91cba1592b170fd2886f32fb77de14334f5250b3"}
,"/mnt/c/Users/User/Desktop/fastifyPostgres/src/Todos.js": {"path":"/mnt/c/Users/User/Desktop/fastifyPostgres/src/Todos.js","statementMap":{"0":{"start":{"line":1,"column":12},"end":{"line":43,"column":1}},"1":{"start":{"line":45,"column":0},"end":{"line":45,"column":22}}},"fnMap":{},"branchMap":{},"s":{"0":1,"1":1},"f":{},"b":{},"_coverageSchema":"1a1c01bbd47fc00a2c39e90264f33305004495a9","hash":"8dfe00cd584043d23931877e692bac8171935da9"}
,"/mnt/c/Users/User/Desktop/fastifyPostgres/src/app.js": {"path":"/mnt/c/Users/User/Desktop/fastifyPostgres/src/app.js","statementMap":{"0":{"start":{"line":1,"column":16},"end":{"line":1,"column":34}},"1":{"start":{"line":2,"column":24},"end":{"line":2,"column":51}},"2":{"start":{"line":3,"column":24},"end":{"line":3,"column":52}},"3":{"start":{"line":5,"column":21},"end":{"line":5,"column":46}},"4":{"start":{"line":6,"column":23},"end":{"line":6,"column":51}},"5":{"start":{"line":8,"column":14},"end":{"line":15,"column":1}},"6":{"start":{"line":9,"column":16},"end":{"line":9,"column":29}},"7":{"start":{"line":10,"column":4},"end":{"line":10,"column":47}},"8":{"start":{"line":11,"column":4},"end":{"line":11,"column":46}},"9":{"start":{"line":12,"column":4},"end":{"line":12,"column":45}},"10":{"start":{"line":13,"column":4},"end":{"line":13,"column":47}},"11":{"start":{"line":14,"column":4},"end":{"line":14,"column":14}},"12":{"start":{"line":17,"column":0},"end":{"line":17,"column":24}}},"fnMap":{"0":{"name":"(anonymous_0)","decl":{"start":{"line":8,"column":14},"end":{"line":8,"column":15}},"loc":{"start":{"line":8,"column":62},"end":{"line":15,"column":1}},"line":8}},"branchMap":{"0":{"loc":{"start":{"line":8,"column":15},"end":{"line":8,"column":24}},"type":"default-arg","locations":[{"start":{"line":8,"column":22},"end":{"line":8,"column":24}}],"line":8},"1":{"loc":{"start":{"line":8,"column":26},"end":{"line":8,"column":40}},"type":"default-arg","locations":[{"start":{"line":8,"column":38},"end":{"line":8,"column":40}}],"line":8},"2":{"loc":{"start":{"line":8,"column":42},"end":{"line":8,"column":57}},"type":"default-arg","locations":[{"start":{"line":8,"column":55},"end":{"line":8,"column":57}}],"line":8}},"s":{"0":1,"1":1,"2":1,"3":1,"4":1,"5":1,"6":1,"7":1,"8":1,"9":1,"10":1,"11":1,"12":1},"f":{"0":1},"b":{"0":[0],"1":[0],"2":[0]},"_coverageSchema":"1a1c01bbd47fc00a2c39e90264f33305004495a9","hash":"01bb183fac57f8cd226796f54b8595aacfcc7ad4"}
,"/mnt/c/Users/User/Desktop/fastifyPostgres/src/routes/route.js": {"path":"/mnt/c/Users/User/Desktop/fastifyPostgres/src/routes/route.js","statementMap":{"0":{"start":{"line":1,"column":20},"end":{"line":1,"column":52}},"1":{"start":{"line":2,"column":16},"end":{"line":2,"column":44}},"2":{"start":{"line":3,"column":17},"end":{"line":3,"column":46}},"3":{"start":{"line":4,"column":19},"end":{"line":4,"column":50}},"4":{"start":{"line":5,"column":19},"end":{"line":5,"column":50}},"5":{"start":{"line":6,"column":12},"end":{"line":6,"column":31}},"6":{"start":{"line":8,"column":17},"end":{"line":48,"column":1}},"7":{"start":{"line":11,"column":4},"end":{"line":14,"column":6}},"8":{"start":{"line":12,"column":22},"end":{"line":12,"column":27}},"9":{"start":{"line":13,"column":8},"end":{"line":13,"column":25}},"10":{"start":{"line":16,"column":4},"end":{"line":20,"column":6}},"11":{"start":{"line":17,"column":21},"end":{"line":17,"column":35}},"12":{"start":{"line":18,"column":22},"end":{"line":18,"column":58}},"13":{"start":{"line":18,"column":42},"end":{"line":18,"column":56}},"14":{"start":{"line":19,"column":8},"end":{"line":19,"column":25}},"15":{"start":{"line":22,"column":4},"end":{"line":27,"column":6}},"16":{"start":{"line":23,"column":35},"end":{"line":23,"column":47}},"17":{"start":{"line":24,"column":22},"end":{"line":24,"column":69}},"18":{"start":{"line":25,"column":8},"end":{"line":25,"column":25}},"19":{"start":{"line":26,"column":8},"end":{"line":26,"column":35}},"20":{"start":{"line":29,"column":4},"end":{"line":34,"column":6}},"21":{"start":{"line":30,"column":21},"end":{"line":30,"column":35}},"22":{"start":{"line":31,"column":8},"end":{"line":31,"column":53}},"23":{"start":{"line":31,"column":38},"end":{"line":31,"column":52}},"24":{"start":{"line":32,"column":8},"end":{"line":32,"column":49}},"25":{"start":{"line":36,"column":4},"end":{"line":44,"column":6}},"26":{"start":{"line":37,"column":21},"end":{"line":37,"column":35}},"27":{"start":{"line":38,"column":34},"end":{"line":38,"column":46}},"28":{"start":{"line":39,"column":22},"end":{"line":39,"column":60}},"29":{"start":{"line":39,"column":43},"end":{"line":39,"column":58}},"30":{"start":{"line":40,"column":8},"end":{"line":40,"column":26}},"31":{"start":{"line":41,"column":8},"end":{"line":41,"column":35}},"32":{"start":{"line":43,"column":8},"end":{"line":43,"column":25}},"33":{"start":{"line":47,"column":4},"end":{"line":47,"column":10}},"34":{"start":{"line":50,"column":0},"end":{"line":50,"column":29}}},"fnMap":{"0":{"name":"(anonymous_0)","decl":{"start":{"line":8,"column":17},"end":{"line":8,"column":18}},"loc":{"start":{"line":8,"column":45},"end":{"line":48,"column":1}},"line":8},"1":{"name":"(anonymous_1)","decl":{"start":{"line":11,"column":33},"end":{"line":11,"column":34}},"loc":{"start":{"line":11,"column":57},"end":{"line":14,"column":5}},"line":11},"2":{"name":"(anonymous_2)","decl":{"start":{"line":16,"column":32},"end":{"line":16,"column":33}},"loc":{"start":{"line":16,"column":56},"end":{"line":20,"column":5}},"line":16},"3":{"name":"(anonymous_3)","decl":{"start":{"line":18,"column":33},"end":{"line":18,"column":34}},"loc":{"start":{"line":18,"column":42},"end":{"line":18,"column":56}},"line":18},"4":{"name":"(anonymous_4)","decl":{"start":{"line":22,"column":31},"end":{"line":22,"column":32}},"loc":{"start":{"line":22,"column":55},"end":{"line":27,"column":5}},"line":22},"5":{"name":"(anonymous_5)","decl":{"start":{"line":29,"column":37},"end":{"line":29,"column":38}},"loc":{"start":{"line":29,"column":61},"end":{"line":34,"column":5}},"line":29},"6":{"name":"(anonymous_6)","decl":{"start":{"line":31,"column":29},"end":{"line":31,"column":30}},"loc":{"start":{"line":31,"column":38},"end":{"line":31,"column":52}},"line":31},"7":{"name":"(anonymous_7)","decl":{"start":{"line":36,"column":35},"end":{"line":36,"column":36}},"loc":{"start":{"line":36,"column":59},"end":{"line":44,"column":5}},"line":36},"8":{"name":"(anonymous_8)","decl":{"start":{"line":39,"column":33},"end":{"line":39,"column":34}},"loc":{"start":{"line":39,"column":43},"end":{"line":39,"column":58}},"line":39}},"branchMap":{},"s":{"0":1,"1":1,"2":1,"3":1,"4":1,"5":1,"6":1,"7":1,"8":0,"9":0,"10":1,"11":0,"12":0,"13":0,"14":0,"15":1,"16":0,"17":0,"18":0,"19":0,"20":1,"21":0,"22":0,"23":0,"24":0,"25":1,"26":0,"27":0,"28":0,"29":0,"30":0,"31":0,"32":0,"33":1,"34":1},"f":{"0":1,"1":0,"2":0,"3":0,"4":0,"5":0,"6":0,"7":0,"8":0},"b":{},"_coverageSchema":"1a1c01bbd47fc00a2c39e90264f33305004495a9","hash":"43ec2258d081d8b3b20cf1a0f3a89e3212cbfa0c"}
,"/mnt/c/Users/User/Desktop/fastifyPostgres/src/routes/v2/todos.js": {"path":"/mnt/c/Users/User/Desktop/fastifyPostgres/src/routes/v2/todos.js","statementMap":{"0":{"start":{"line":2,"column":22},"end":{"line":2,"column":57}},"1":{"start":{"line":3,"column":14},"end":{"line":11,"column":1}},"2":{"start":{"line":13,"column":17},"end":{"line":28,"column":1}},"3":{"start":{"line":30,"column":21},"end":{"line":93,"column":1}},"4":{"start":{"line":32,"column":4},"end":{"line":39,"column":6}},"5":{"start":{"line":33,"column":8},"end":{"line":38,"column":9}},"6":{"start":{"line":34,"column":29},"end":{"line":34,"column":74}},"7":{"start":{"line":35,"column":12},"end":{"line":35,"column":28}},"8":{"start":{"line":37,"column":12},"end":{"line":37,"column":29}},"9":{"start":{"line":41,"column":4},"end":{"line":49,"column":6}},"10":{"start":{"line":42,"column":8},"end":{"line":48,"column":9}},"11":{"start":{"line":43,"column":27},"end":{"line":43,"column":41}},"12":{"start":{"line":44,"column":29},"end":{"line":44,"column":92}},"13":{"start":{"line":45,"column":12},"end":{"line":45,"column":31}},"14":{"start":{"line":47,"column":12},"end":{"line":47,"column":29}},"15":{"start":{"line":51,"column":4},"end":{"line":67,"column":6}},"16":{"start":{"line":54,"column":51},"end":{"line":54,"column":63}},"17":{"start":{"line":56,"column":26},"end":{"line":56,"column":72}},"18":{"start":{"line":58,"column":26},"end":{"line":58,"column":63}},"19":{"start":{"line":59,"column":8},"end":{"line":65,"column":9}},"20":{"start":{"line":60,"column":29},"end":{"line":61,"column":71}},"21":{"start":{"line":62,"column":12},"end":{"line":62,"column":42}},"22":{"start":{"line":64,"column":12},"end":{"line":64,"column":29}},"23":{"start":{"line":69,"column":4},"end":{"line":80,"column":6}},"24":{"start":{"line":70,"column":8},"end":{"line":79,"column":9}},"25":{"start":{"line":71,"column":27},"end":{"line":71,"column":41}},"26":{"start":{"line":72,"column":41},"end":{"line":72,"column":53}},"27":{"start":{"line":73,"column":29},"end":{"line":74,"column":39}},"28":{"start":{"line":76,"column":12},"end":{"line":76,"column":31}},"29":{"start":{"line":78,"column":12},"end":{"line":78,"column":29}},"30":{"start":{"line":82,"column":4},"end":{"line":90,"column":7}},"31":{"start":{"line":83,"column":8},"end":{"line":89,"column":9}},"32":{"start":{"line":84,"column":27},"end":{"line":84,"column":41}},"33":{"start":{"line":85,"column":12},"end":{"line":85,"column":74}},"34":{"start":{"line":86,"column":12},"end":{"line":86,"column":63}},"35":{"start":{"line":88,"column":12},"end":{"line":88,"column":30}},"36":{"start":{"line":92,"column":4},"end":{"line":92,"column":11}},"37":{"start":{"line":95,"column":0},"end":{"line":95,"column":33}}},"fnMap":{"0":{"name":"(anonymous_0)","decl":{"start":{"line":30,"column":21},"end":{"line":30,"column":22}},"loc":{"start":{"line":30,"column":55},"end":{"line":93,"column":1}},"line":30},"1":{"name":"(anonymous_1)","decl":{"start":{"line":32,"column":21},"end":{"line":32,"column":22}},"loc":{"start":{"line":32,"column":47},"end":{"line":39,"column":5}},"line":32},"2":{"name":"(anonymous_2)","decl":{"start":{"line":41,"column":24},"end":{"line":41,"column":25}},"loc":{"start":{"line":41,"column":50},"end":{"line":49,"column":5}},"line":41},"3":{"name":"(anonymous_3)","decl":{"start":{"line":51,"column":32},"end":{"line":51,"column":33}},"loc":{"start":{"line":51,"column":58},"end":{"line":67,"column":5}},"line":51},"4":{"name":"(anonymous_4)","decl":{"start":{"line":69,"column":24},"end":{"line":69,"column":25}},"loc":{"start":{"line":69,"column":50},"end":{"line":80,"column":5}},"line":69},"5":{"name":"(anonymous_5)","decl":{"start":{"line":82,"column":27},"end":{"line":82,"column":28}},"loc":{"start":{"line":82,"column":53},"end":{"line":90,"column":5}},"line":82}},"branchMap":{},"s":{"0":1,"1":1,"2":1,"3":1,"4":1,"5":0,"6":0,"7":0,"8":0,"9":1,"10":0,"11":0,"12":0,"13":0,"14":0,"15":1,"16":1,"17":1,"18":1,"19":1,"20":1,"21":1,"22":0,"23":1,"24":0,"25":0,"26":0,"27":0,"28":0,"29":0,"30":1,"31":0,"32":0,"33":0,"34":0,"35":0,"36":1,"37":1},"f":{"0":1,"1":0,"2":0,"3":1,"4":0,"5":0},"b":{},"_coverageSchema":"1a1c01bbd47fc00a2c39e90264f33305004495a9","hash":"c0ae5cccc45cb36735fc1c3749ff757283fd850a"}
,"/mnt/c/Users/User/Desktop/fastifyPostgres/src/schema/deleteTodo.js": {"path":"/mnt/c/Users/User/Desktop/fastifyPostgres/src/schema/deleteTodo.js","statementMap":{"0":{"start":{"line":1,"column":14},"end":{"line":1,"column":32}},"1":{"start":{"line":2,"column":19},"end":{"line":13,"column":3}},"2":{"start":{"line":16,"column":2},"end":{"line":16,"column":29}}},"fnMap":{},"branchMap":{},"s":{"0":1,"1":1,"2":1},"f":{},"b":{},"_coverageSchema":"1a1c01bbd47fc00a2c39e90264f33305004495a9","hash":"13153043e04fad87fb915b64e49bcbd7b5dc80f9"}
,"/mnt/c/Users/User/Desktop/fastifyPostgres/src/schema/getAllTodos.js": {"path":"/mnt/c/Users/User/Desktop/fastifyPostgres/src/schema/getAllTodos.js","statementMap":{"0":{"start":{"line":1,"column":14},"end":{"line":1,"column":32}},"1":{"start":{"line":2,"column":20},"end":{"line":11,"column":3}},"2":{"start":{"line":13,"column":2},"end":{"line":13,"column":30}}},"fnMap":{},"branchMap":{},"s":{"0":1,"1":1,"2":1},"f":{},"b":{},"_coverageSchema":"1a1c01bbd47fc00a2c39e90264f33305004495a9","hash":"7f13af1ee136da2efbc5c85492cbdc5583ff6365"}
,"/mnt/c/Users/User/Desktop/fastifyPostgres/src/schema/getTodo.js": {"path":"/mnt/c/Users/User/Desktop/fastifyPostgres/src/schema/getTodo.js","statementMap":{"0":{"start":{"line":1,"column":14},"end":{"line":1,"column":32}},"1":{"start":{"line":2,"column":16},"end":{"line":8,"column":3}},"2":{"start":{"line":10,"column":2},"end":{"line":10,"column":26}}},"fnMap":{},"branchMap":{},"s":{"0":1,"1":1,"2":1},"f":{},"b":{},"_coverageSchema":"1a1c01bbd47fc00a2c39e90264f33305004495a9","hash":"93e6d7e6ca552b38b308c1fa779489a7ce42d908"}
,"/mnt/c/Users/User/Desktop/fastifyPostgres/src/schema/postTodo.js": {"path":"/mnt/c/Users/User/Desktop/fastifyPostgres/src/schema/postTodo.js","statementMap":{"0":{"start":{"line":1,"column":14},"end":{"line":1,"column":32}},"1":{"start":{"line":2,"column":17},"end":{"line":16,"column":3}},"2":{"start":{"line":18,"column":2},"end":{"line":18,"column":27}}},"fnMap":{},"branchMap":{},"s":{"0":1,"1":1,"2":1},"f":{},"b":{},"_coverageSchema":"1a1c01bbd47fc00a2c39e90264f33305004495a9","hash":"807e6bce946a8519e763c7508328cedb15af1a0e"}
,"/mnt/c/Users/User/Desktop/fastifyPostgres/src/schema/todos.js": {"path":"/mnt/c/Users/User/Desktop/fastifyPostgres/src/schema/todos.js","statementMap":{"0":{"start":{"line":1,"column":14},"end":{"line":8,"column":3}},"1":{"start":{"line":9,"column":2},"end":{"line":9,"column":24}}},"fnMap":{},"branchMap":{},"s":{"0":1,"1":1},"f":{},"b":{},"_coverageSchema":"1a1c01bbd47fc00a2c39e90264f33305004495a9","hash":"2bcda05df0aae1cd41d2c3fbb8e3f86a29f6f538"}
,"/mnt/c/Users/User/Desktop/fastifyPostgres/src/schema/updateTodo.js": {"path":"/mnt/c/Users/User/Desktop/fastifyPostgres/src/schema/updateTodo.js","statementMap":{"0":{"start":{"line":1,"column":14},"end":{"line":1,"column":32}},"1":{"start":{"line":2,"column":19},"end":{"line":16,"column":3}},"2":{"start":{"line":18,"column":2},"end":{"line":18,"column":29}}},"fnMap":{},"branchMap":{},"s":{"0":1,"1":1,"2":1},"f":{},"b":{},"_coverageSchema":"1a1c01bbd47fc00a2c39e90264f33305004495a9","hash":"8f9724a52079224c36a4f1615970cd165d16577c"}
,"/mnt/c/Users/User/Desktop/fastifyPostgres/src/utils/vatCalulator.js": {"path":"/mnt/c/Users/User/Desktop/fastifyPostgres/src/utils/vatCalulator.js","statementMap":{"0":{"start":{"line":2,"column":22},"end":{"line":12,"column":3}},"1":{"start":{"line":4,"column":6},"end":{"line":4,"column":54}},"2":{"start":{"line":7,"column":6},"end":{"line":7,"column":54}},"3":{"start":{"line":10,"column":6},"end":{"line":10,"column":58}},"4":{"start":{"line":15,"column":0},"end":{"line":15,"column":30}}},"fnMap":{"0":{"name":"(anonymous_0)","decl":{"start":{"line":3,"column":17},"end":{"line":3,"column":18}},"loc":{"start":{"line":3,"column":33},"end":{"line":5,"column":5}},"line":3},"1":{"name":"(anonymous_1)","decl":{"start":{"line":6,"column":25},"end":{"line":6,"column":26}},"loc":{"start":{"line":6,"column":40},"end":{"line":8,"column":5}},"line":6},"2":{"name":"(anonymous_2)","decl":{"start":{"line":9,"column":23},"end":{"line":9,"column":24}},"loc":{"start":{"line":9,"column":40},"end":{"line":11,"column":5}},"line":9}},"branchMap":{},"s":{"0":1,"1":1,"2":0,"3":1,"4":1},"f":{"0":1,"1":0,"2":1},"b":{},"_coverageSchema":"1a1c01bbd47fc00a2c39e90264f33305004495a9","hash":"13fc399be5b2ad861360e06fb7853ad1f67c8af5"}
}
